This is LuaTeX, Version 1.07.0 (TeX Live 2018)  (format=lualatex 2019.1.3)  18 JAN 2019 22:13
 restricted system commands enabled.
 file:line:error style messages enabled.
**a.tex
(./a.tex
LaTeX2e <2018-04-01> patch level 2
Lua module: luaotfload-main 2017/01/29 2.80001 OpenType layout system.
Lua module: lualibs 2017-02-01 2.5 ConTeXt Lua standard libraries.
Lua module: lualibs-extended 2017-02-01 2.5 ConTeXt Lua libraries -- extended co
llection.(using write cache: /Users/sj/Library/texlive/2018/texmf-var/luatex-cac
he/generic)(using read cache: /usr/local/texlive/2018/texmf-var/luatex-cache/gen
eric /Users/sj/Library/texlive/2018/texmf-var/luatex-cache/generic)
luaotfload | conf : Root cache directory is /Users/sj/Library/texlive/2018/texmf
-var/luatex-cache/generic/names.
luaotfload | init : Loading fontloader “fontloader-2017-02-11.lua” from kpse
-resolved path “/usr/local/texlive/2018/texmf-dist/tex/luatex/luaotfload/fontl
oader-2017-02-11.lua”.
Lua-only attribute luaotfload@state = 1
Lua-only attribute luaotfload@noligature = 2
Lua-only attribute luaotfload@syllabe = 3
luaotfload | init : Context OpenType loader version “3.027”
Inserting `luaotfload.node_processor' at position 1 in `pre_linebreak_filter'.
Inserting `luaotfload.node_processor' at position 1 in `hpack_filter'.
Inserting `luaotfload.define_font' at position 1 in `define_font'.
Lua-only attribute luaotfload_color_attribute = 4
luaotfload | conf : Root cache directory is /Users/sj/Library/texlive/2018/texmf
-var/luatex-cache/generic/names.
Inserting `luaotfload.aux.set_sscale_dimens' at position 1 in `luaotfload.patch_
font'.
Inserting `luaotfload.aux.patch_cambria_domh' at position 2 in `luaotfload.patch
_font'.
Inserting `luaotfload.aux.fixup_fontdata' at position 1 in `luaotfload.patch_fon
t_unsafe'.
Inserting `luaotfload.aux.set_capheight' at position 3 in `luaotfload.patch_font
'.
Inserting `luaotfload.rewrite_fontname' at position 4 in `luaotfload.patch_font'
.
luaotfload | main : initialization completed in 0.101 seconds
Babel <3.18> and hyphenation patterns for 1 language(s) loaded.
(/usr/local/texlive/2018/texmf-dist/tex/latex/base/article.cls
Document Class: article 2014/09/29 v1.4h Standard LaTeX document class
(/usr/local/texlive/2018/texmf-dist/tex/latex/base/size12.clo
File: size12.clo 2014/09/29 v1.4h Standard LaTeX file (size option)
luaotfload | db : Font names database loaded from /Users/sj/Library/texlive/2018
/texmf-var/luatex-cache/generic/names/luaotfload-names.luc(load luc: /Users/sj/L
ibrary/texlive/2018/texmf-var/luatex-cache/generic/fonts/otl/lmroman12-regular.l
uc))
\c@part=\count80
\c@section=\count81
\c@subsection=\count82
\c@subsubsection=\count83
\c@paragraph=\count84
\c@subparagraph=\count85
\c@figure=\count86
\c@table=\count87
\abovecaptionskip=\skip41
\belowcaptionskip=\skip42
\bibindent=\dimen102
) (/usr/local/texlive/2018/texmf-dist/tex/latex/natbib/natbib.sty
Package: natbib 2010/09/13 8.31b (PWD, AO)
\bibhang=\skip43
\bibsep=\skip44
LaTeX Info: Redefining \cite on input line 694.
\c@NAT@ctr=\count88
)
(./a.aux)
\openout1 = a.aux

LaTeX Font Info:    Checking defaults for OML/cmm/m/it on input line 8.
LaTeX Font Info:    ... okay on input line 8.
LaTeX Font Info:    Checking defaults for T1/cmr/m/n on input line 8.
LaTeX Font Info:    ... okay on input line 8.
LaTeX Font Info:    Checking defaults for OT1/cmr/m/n on input line 8.
LaTeX Font Info:    ... okay on input line 8.
LaTeX Font Info:    Checking defaults for OMS/cmsy/m/n on input line 8.
LaTeX Font Info:    ... okay on input line 8.
LaTeX Font Info:    Checking defaults for TU/lmr/m/n on input line 8.
LaTeX Font Info:    ... okay on input line 8.
LaTeX Font Info:    Checking defaults for OMX/cmex/m/n on input line 8.
LaTeX Font Info:    ... okay on input line 8.
LaTeX Font Info:    Checking defaults for U/cmr/m/n on input line 8.
LaTeX Font Info:    ... okay on input line 8.
(load luc: /Users/sj/Library/texlive/2018/texmf-var/luatex-cache/generic/fonts/o
tl/lmroman17-regular.luc)
LaTeX Font Info:    External font `cmex10' loaded for size
(Font)              <14.4> on input line 13.
LaTeX Font Info:    External font `cmex10' loaded for size
(Font)              <7> on input line 13.
 (./a.bbl(load luc: /Users/sj/Library/texlive/2018/texmf-var/luatex-cache/generi
c/fonts/otl/lmroman12-bold.luc)(load luc: /Users/sj/Library/texlive/2018/texmf-v
ar/luatex-cache/generic/fonts/otl/lmroman12-italic.luc)(load luc: /Users/sj/Libr
ary/texlive/2018/texmf-var/luatex-cache/generic/fonts/otl/lmmono12-regular.luc)
Underfull \hbox (badness 3428) in paragraph at lines 9--15
[]\TU/lmr/m/n/12 Alex Wang, Aman-preet Singh, Ju-lian
 []


Underfull \hbox (badness 1087) in paragraph at lines 9--15
\TU/lmr/m/n/12 Michael, Fe-lix Hill, Omer Levy, and
 []


Underfull \hbox (badness 6961) in paragraph at lines 9--15
\TU/lmr/m/n/12 task bench-mark and anal-y-sis plat-
 []

) [1{/usr/local/texlive/2018/texmf-var/fonts/map/pdftex/updmap/pdftex.map}



]
(./a.aux))

Here is how much of LuaTeX's memory you used:
 603 strings out of 494413
 100000,89155 words of node,token memory allocated
 365 words of node memory still in use:
   2 hlist, 1 vlist, 1 rule, 2 glue, 3 attribute, 47 glue_spec, 3 attribute_list
, 1 write nodes
   avail lists: 2:124,3:43,4:6,5:35,6:9,7:851,8:3,9:41,10:5,11:52
 4833 multiletter control sequences out of 65536+600000
 31 fonts using 2129287 bytes
 22i,7n,23p,122b,227s stack positions out of 5000i,500n,10000p,200000b,100000s
</usr/local/texlive/2018/texmf-dist/fonts/opentype/public/lm/lmmono12-regular.ot
f></usr/local/texlive/2018/texmf-dist/fonts/opentype/public/lm/lmroman12-italic.
otf></usr/local/texlive/2018/texmf-dist/fonts/opentype/public/lm/lmroman12-bold.
otf></usr/local/texlive/2018/texmf-dist/fonts/opentype/public/lm/lmroman12-regul
ar.otf></usr/local/texlive/2018/texmf-dist/fonts/opentype/public/lm/lmroman17-re
gular.otf>
Output written on a.pdf (1 page, 17816 bytes).

PDF statistics: 43 PDF objects out of 1000 (max. 8388607)
 24 compressed objects within 1 object stream
 0 named destinations out of 1000 (max. 131072)
 1 words of extra memory for PDF output out of 10000 (max. 100000000)

